<?xml version="1.0" encoding="UTF-8"?>
<!-- Generated by org.testng.reporters.JUnitXMLReporter -->
<testsuite hostname="Santhanam" ignored="0" name="Default test" tests="1" failures="0" timestamp="08 May 2023 02:59:58 GMT" time="106.149" errors="0">
  <testcase name="@AfterMethod logOut" time="0.0" classname="com.openmrs.testcase.TC_Register">
    <failure type="java.util.NoSuchElementException" message="[[ChromeDriver: chrome on WINDOWS (86e0b113179ff4101669a385ec763e5d)] -&amp;gt; xpath: //a[@href=&amp;apos;/openmrs/appui/header/logout.action?successUrl=openmrs&amp;apos;]] Element is still not clickable">
      <![CDATA[java.util.NoSuchElementException: [[ChromeDriver: chrome on WINDOWS (86e0b113179ff4101669a385ec763e5d)] -> xpath: //a[@href='/openmrs/appui/header/logout.action?successUrl=openmrs']] Element is still not clickable
	at com.openmrs.testcase.BaseClass.click(BaseClass.java:118)
	at com.openmrs.testcase.BaseClass.logout(BaseClass.java:55)
	at com.openmrs.testcase.TC_Register.logOut(TC_Register.java:78)
	at sun.reflect.NativeMethodAccessorImpl.invoke0(Native Method)
	at sun.reflect.NativeMethodAccessorImpl.invoke(NativeMethodAccessorImpl.java:62)
	at sun.reflect.DelegatingMethodAccessorImpl.invoke(DelegatingMethodAccessorImpl.java:43)
	at java.lang.reflect.Method.invoke(Method.java:498)
	at org.testng.internal.MethodInvocationHelper.invokeMethod(MethodInvocationHelper.java:104)
	at org.testng.internal.Invoker.invokeConfigurationMethod(Invoker.java:515)
	at org.testng.internal.Invoker.invokeConfigurations(Invoker.java:217)
	at org.testng.internal.Invoker.invokeMethod(Invoker.java:712)
	at org.testng.internal.Invoker.invokeTestMethod(Invoker.java:851)
	at org.testng.internal.Invoker.invokeTestMethods(Invoker.java:1177)
	at org.testng.internal.TestMethodWorker.invokeTestMethods(TestMethodWorker.java:129)
	at org.testng.internal.TestMethodWorker.run(TestMethodWorker.java:112)
	at org.testng.TestRunner.privateRun(TestRunner.java:756)
	at org.testng.TestRunner.run(TestRunner.java:610)
	at org.testng.SuiteRunner.runTest(SuiteRunner.java:387)
	at org.testng.SuiteRunner.runSequentially(SuiteRunner.java:382)
	at org.testng.SuiteRunner.privateRun(SuiteRunner.java:340)
	at org.testng.SuiteRunner.run(SuiteRunner.java:289)
	at org.testng.SuiteRunnerWorker.runSuite(SuiteRunnerWorker.java:52)
	at org.testng.SuiteRunnerWorker.run(SuiteRunnerWorker.java:86)
	at org.testng.TestNG.runSuitesSequentially(TestNG.java:1293)
	at org.testng.TestNG.runSuitesLocally(TestNG.java:1218)
	at org.testng.TestNG.runSuites(TestNG.java:1133)
	at org.testng.TestNG.run(TestNG.java:1104)
	at org.testng.remote.AbstractRemoteTestNG.run(AbstractRemoteTestNG.java:115)
	at org.testng.remote.RemoteTestNG.initAndRun(RemoteTestNG.java:251)
	at org.testng.remote.RemoteTestNG.main(RemoteTestNG.java:77)
]]>
    </failure>
  </testcase> <!-- @AfterMethod logOut -->
  <testcase name="PatientName" time="78.428" classname="com.openmrs.testcase.TC_Register"/>
</testsuite> <!-- Default test -->
